0 verbose cli /usr/local/bin/node /usr/local/bin/npm
1 info using npm@9.7.2
2 info using node@v20.4.0
3 timing npm:load:whichnode Completed in 0ms
4 timing config:load:defaults Completed in 1ms
5 timing config:load:file:/usr/local/lib/node_modules/npm/npmrc Completed in 0ms
6 timing config:load:builtin Completed in 0ms
7 timing config:load:cli Completed in 2ms
8 timing config:load:env Completed in 0ms
9 timing config:load:file:/usr/src/app/.npmrc Completed in 0ms
10 timing config:load:project Completed in 0ms
11 timing config:load:file:/root/.npmrc Completed in 0ms
12 timing config:load:user Completed in 0ms
13 timing config:load:file:/usr/local/etc/npmrc Completed in 0ms
14 timing config:load:global Completed in 0ms
15 timing config:load:setEnvs Completed in 0ms
16 timing config:load Completed in 4ms
17 timing npm:load:configload Completed in 5ms
18 timing config:load:flatten Completed in 2ms
19 timing npm:load:mkdirpcache Completed in 0ms
20 timing npm:load:mkdirplogs Completed in 0ms
21 verbose title npm config set cache-min 9999999
22 verbose argv "config" "set" "cache-min" "9999999"
23 timing npm:load:setTitle Completed in 1ms
24 timing npm:load:display Completed in 1ms
25 verbose logfile logs-max:10 dir:/root/.npm/_logs/2023-07-16T11_19_35_555Z-
26 verbose logfile /root/.npm/_logs/2023-07-16T11_19_35_555Z-debug-0.log
27 timing npm:load:logFile Completed in 7ms
28 timing npm:load:timers Completed in 0ms
29 timing npm:load:configScope Completed in 0ms
30 timing npm:load Completed in 28ms
31 info config set "cache-min" "9999999"
32 timing command:config Completed in 2ms
33 verbose stack Error: The `cache-min` option is deprecated, and can not be set in this way
33 verbose stack     This option has been deprecated in favor of `--prefer-offline`.
33 verbose stack   
33 verbose stack     at Config.set (/usr/local/lib/node_modules/npm/lib/commands/config.js:160:15)
33 verbose stack     at Config.exec (/usr/local/lib/node_modules/npm/lib/commands/config.js:118:22)
33 verbose stack     at Config.cmdExec (/usr/local/lib/node_modules/npm/lib/base-command.js:142:17)
33 verbose stack     at Npm.exec (/usr/local/lib/node_modules/npm/lib/npm.js:136:20)
33 verbose stack     at module.exports (/usr/local/lib/node_modules/npm/lib/cli-entry.js:61:15)
34 verbose cwd /usr/src/app
35 verbose Linux 5.15.0-76-generic
36 verbose node v20.4.0
37 verbose npm  v9.7.2
38 error The `cache-min` option is deprecated, and can not be set in this way
38 error     This option has been deprecated in favor of `--prefer-offline`.
38 error   
39 verbose exit 1
40 timing npm Completed in 84ms
41 verbose code 1
42 error A complete log of this run can be found in: /root/.npm/_logs/2023-07-16T11_19_35_555Z-debug-0.log
